# JRE version: OpenJDK Runtime Environment (17.0.6) (build 17.0.6+0-b2043.56-9586694)
# Java VM: OpenJDK 64-Bit Server VM (17.0.6+0-b2043.56-9586694, mixed mode, tiered, compressed oops, compressed class ptrs, g1 gc, windows-amd64)
GC Precious Log:
 CPUs: 8 total, 8 available
 Memory: 3899M
 Large Page Support: Disabled
 NUMA Support: Disabled
 Compressed Oops: Enabled (32-bit)
 Heap Region Size: 1M
 Heap Min Capacity: 8M
 Heap Initial Capacity: 62M
 Heap Max Capacity: 2G
 Pre-touch: Disabled
 Parallel Workers: 8
 Concurrent Workers: 2
 Concurrent Refinement Workers: 8
 Periodic GC: Disabled
Heap:
 garbage-first heap   total 117760K, used 83962K [0x0000000080000000, 0x0000000100000000)
  region size 1024K, 53 young (54272K), 6 survivors (6144K)
 Metaspace       used 51629K, committed 52032K, reserved 1097728K
  class space    used 6829K, committed 6976K, reserved 1048576K
GC Heap History (20 events):
Event: 4.821 GC heap before
{Heap before GC invocations=3 (full 0):
 garbage-first heap   total 63488K, used 34189K [0x0000000080000000, 0x0000000100000000)
  region size 1024K, 23 young (23552K), 4 survivors (4096K)
 Metaspace       used 21376K, committed 21504K, reserved 1073152K
  class space    used 2621K, committed 2688K, reserved 1048576K
}
Event: 4.832 GC heap after
{Heap after GC invocations=4 (full 0):
 garbage-first heap   total 63488K, used 18237K [0x0000000080000000, 0x0000000100000000)
  region size 1024K, 2 young (2048K), 2 survivors (2048K)
 Metaspace       used 21376K, committed 21504K, reserved 1073152K
  class space    used 2621K, committed 2688K, reserved 1048576K
}
Event: 5.460 GC heap before
{Heap before GC invocations=5 (full 0):
 garbage-first heap   total 63488K, used 41789K [0x0000000080000000, 0x0000000100000000)
  region size 1024K, 25 young (25600K), 2 survivors (2048K)
 Metaspace       used 25395K, committed 25728K, reserved 1073152K
  class space    used 3320K, committed 3456K, reserved 1048576K
}
Event: 5.465 GC heap after
{Heap after GC invocations=6 (full 0):
 garbage-first heap   total 63488K, used 19670K [0x0000000080000000, 0x0000000100000000)
  region size 1024K, 3 young (3072K), 3 survivors (3072K)
 Metaspace       used 25395K, committed 25728K, reserved 1073152K
  class space    used 3320K, committed 3456K, reserved 1048576K
}
Event: 5.483 GC heap before
{Heap before GC invocations=6 (full 0):
 garbage-first heap   total 63488K, used 20694K [0x0000000080000000, 0x0000000100000000)
  region size 1024K, 4 young (4096K), 3 survivors (3072K)
 Metaspace       used 25493K, committed 25792K, reserved 1073152K
  class space    used 3339K, committed 3456K, reserved 1048576K
}
Event: 5.489 GC heap after
{Heap after GC invocations=7 (full 0):
 garbage-first heap   total 63488K, used 19577K [0x0000000080000000, 0x0000000100000000)
  region size 1024K, 1 young (1024K), 1 survivors (1024K)
 Metaspace       used 25493K, committed 25792K, reserved 1073152K
  class space    used 3339K, committed 3456K, reserved 1048576K
}
Event: 5.957 GC heap before
{Heap before GC invocations=7 (full 0):
 garbage-first heap   total 63488K, used 43129K [0x0000000080000000, 0x0000000100000000)
  region size 1024K, 24 young (24576K), 1 survivors (1024K)
 Metaspace       used 29237K, committed 29504K, reserved 1081344K
  class space    used 3960K, committed 4096K, reserved 1048576K
}
Event: 5.961 GC heap after
{Heap after GC invocations=8 (full 0):
 garbage-first heap   total 63488K, used 20468K [0x0000000080000000, 0x0000000100000000)
  region size 1024K, 2 young (2048K), 2 survivors (2048K)
 Metaspace       used 29237K, committed 29504K, reserved 1081344K
  class space    used 3960K, committed 4096K, reserved 1048576K
}
Event: 6.527 GC heap before
{Heap before GC invocations=8 (full 0):
 garbage-first heap   total 63488K, used 45044K [0x0000000080000000, 0x0000000100000000)
  region size 1024K, 26 young (26624K), 2 survivors (2048K)
 Metaspace       used 33073K, committed 33408K, reserved 1081344K
  class space    used 4581K, committed 4736K, reserved 1048576K
}
Event: 6.533 GC heap after
{Heap after GC invocations=9 (full 0):
 garbage-first heap   total 63488K, used 21567K [0x0000000080000000, 0x0000000100000000)
  region size 1024K, 3 young (3072K), 3 survivors (3072K)
 Metaspace       used 33073K, committed 33408K, reserved 1081344K
  class space    used 4581K, committed 4736K, reserved 1048576K
}
Event: 6.852 GC heap before
{Heap before GC invocations=9 (full 0):
 garbage-first heap   total 63488K, used 31807K [0x0000000080000000, 0x0000000100000000)
  region size 1024K, 14 young (14336K), 3 survivors (3072K)
 Metaspace       used 35862K, committed 36160K, reserved 1081344K
  class space    used 4864K, committed 4992K, reserved 1048576K
}
Event: 6.859 GC heap after
{Heap after GC invocations=10 (full 0):
 garbage-first heap   total 63488K, used 23070K [0x0000000080000000, 0x0000000100000000)
  region size 1024K, 3 young (3072K), 3 survivors (3072K)
 Metaspace       used 35862K, committed 36160K, reserved 1081344K
  class space    used 4864K, committed 4992K, reserved 1048576K
}
Event: 7.337 GC heap before
{Heap before GC invocations=11 (full 0):
 garbage-first heap   total 63488K, used 46622K [0x0000000080000000, 0x0000000100000000)
  region size 1024K, 27 young (27648K), 3 survivors (3072K)
 Metaspace       used 39688K, committed 39936K, reserved 1089536K
  class space    used 5276K, committed 5376K, reserved 1048576K
}
Event: 7.345 GC heap after
{Heap after GC invocations=12 (full 0):
 garbage-first heap   total 63488K, used 26568K [0x0000000080000000, 0x0000000100000000)
  region size 1024K, 4 young (4096K), 4 survivors (4096K)
 Metaspace       used 39688K, committed 39936K, reserved 1089536K
  class space    used 5276K, committed 5376K, reserved 1048576K
}
Event: 7.692 GC heap before
{Heap before GC invocations=12 (full 0):
 garbage-first heap   total 63488K, used 50120K [0x0000000080000000, 0x0000000100000000)
  region size 1024K, 25 young (25600K), 4 survivors (4096K)
 Metaspace       used 41809K, committed 42112K, reserved 1089536K
  class space    used 5466K, committed 5568K, reserved 1048576K
}
Event: 7.700 GC heap after
{Heap after GC invocations=13 (full 0):
 garbage-first heap   total 63488K, used 29583K [0x0000000080000000, 0x0000000100000000)
  region size 1024K, 3 young (3072K), 3 survivors (3072K)
 Metaspace       used 41809K, committed 42112K, reserved 1089536K
  class space    used 5466K, committed 5568K, reserved 1048576K
}
Event: 7.972 GC heap before
{Heap before GC invocations=13 (full 0):
 garbage-first heap   total 63488K, used 49039K [0x0000000080000000, 0x0000000100000000)
  region size 1024K, 22 young (22528K), 3 survivors (3072K)
 Metaspace       used 43169K, committed 43584K, reserved 1089536K
  class space    used 5683K, committed 5888K, reserved 1048576K
}
Event: 7.980 GC heap after
{Heap after GC invocations=14 (full 0):
 garbage-first heap   total 117760K, used 31582K [0x0000000080000000, 0x0000000100000000)
  region size 1024K, 2 young (2048K), 2 survivors (2048K)
 Metaspace       used 43169K, committed 43584K, reserved 1089536K
  class space    used 5683K, committed 5888K, reserved 1048576K
}
Event: 9.390 GC heap before
{Heap before GC invocations=14 (full 0):
 garbage-first heap   total 117760K, used 84830K [0x0000000080000000, 0x0000000100000000)
  region size 1024K, 53 young (54272K), 2 survivors (2048K)
 Metaspace       used 50000K, committed 50368K, reserved 1097728K
  class space    used 6631K, committed 6784K, reserved 1048576K
}
Event: 9.409 GC heap after
{Heap after GC invocations=15 (full 0):
 garbage-first heap   total 117760K, used 34810K [0x0000000080000000, 0x0000000100000000)
  region size 1024K, 6 young (6144K), 6 survivors (6144K)
 Metaspace       used 50000K, committed 50368K, reserved 1097728K
  class space    used 6631K, committed 6784K, reserved 1048576K
}

