# JRE version: OpenJDK Runtime Environment (17.0.6) (build 17.0.6+0-b2043.56-9586694)
# Java VM: OpenJDK 64-Bit Server VM (17.0.6+0-b2043.56-9586694, mixed mode, tiered, compressed oops, compressed class ptrs, g1 gc, windows-amd64)
GC Precious Log:
 CPUs: 8 total, 8 available
 Memory: 3899M
 Large Page Support: Disabled
 NUMA Support: Disabled
 Compressed Oops: Enabled (32-bit)
 Heap Region Size: 1M
 Heap Min Capacity: 8M
 Heap Initial Capacity: 62M
 Heap Max Capacity: 2G
 Pre-touch: Disabled
 Parallel Workers: 8
 Concurrent Workers: 2
 Concurrent Refinement Workers: 8
 Periodic GC: Disabled
Heap:
 garbage-first heap   total 76800K, used 33077K [0x0000000080000000, 0x0000000100000000)
  region size 1024K, 2 young (2048K), 2 survivors (2048K)
 Metaspace       used 49891K, committed 50304K, reserved 1097728K
  class space    used 6624K, committed 6784K, reserved 1048576K
GC Heap History (20 events):
Event: 3.625 GC heap after
{Heap after GC invocations=4 (full 0):
 garbage-first heap   total 63488K, used 17684K [0x0000000080000000, 0x0000000100000000)
  region size 1024K, 2 young (2048K), 2 survivors (2048K)
 Metaspace       used 21285K, committed 21504K, reserved 1073152K
  class space    used 2597K, committed 2688K, reserved 1048576K
}
Event: 4.136 GC heap before
{Heap before GC invocations=5 (full 0):
 garbage-first heap   total 63488K, used 40212K [0x0000000080000000, 0x0000000100000000)
  region size 1024K, 25 young (25600K), 2 survivors (2048K)
 Metaspace       used 25351K, committed 25664K, reserved 1073152K
  class space    used 3309K, committed 3456K, reserved 1048576K
}
Event: 4.141 GC heap after
{Heap after GC invocations=6 (full 0):
 garbage-first heap   total 63488K, used 19153K [0x0000000080000000, 0x0000000100000000)
  region size 1024K, 3 young (3072K), 3 survivors (3072K)
 Metaspace       used 25351K, committed 25664K, reserved 1073152K
  class space    used 3309K, committed 3456K, reserved 1048576K
}
Event: 4.602 GC heap before
{Heap before GC invocations=6 (full 0):
 garbage-first heap   total 63488K, used 42705K [0x0000000080000000, 0x0000000100000000)
  region size 1024K, 26 young (26624K), 3 survivors (3072K)
 Metaspace       used 29045K, committed 29312K, reserved 1081344K
  class space    used 3923K, committed 4032K, reserved 1048576K
}
Event: 4.607 GC heap after
{Heap after GC invocations=7 (full 0):
 garbage-first heap   total 63488K, used 20581K [0x0000000080000000, 0x0000000100000000)
  region size 1024K, 3 young (3072K), 3 survivors (3072K)
 Metaspace       used 29045K, committed 29312K, reserved 1081344K
  class space    used 3923K, committed 4032K, reserved 1048576K
}
Event: 5.039 GC heap before
{Heap before GC invocations=7 (full 0):
 garbage-first heap   total 63488K, used 44133K [0x0000000080000000, 0x0000000100000000)
  region size 1024K, 26 young (26624K), 3 survivors (3072K)
 Metaspace       used 32651K, committed 32960K, reserved 1081344K
  class space    used 4507K, committed 4608K, reserved 1048576K
}
Event: 5.045 GC heap after
{Heap after GC invocations=8 (full 0):
 garbage-first heap   total 63488K, used 21560K [0x0000000080000000, 0x0000000100000000)
  region size 1024K, 3 young (3072K), 3 survivors (3072K)
 Metaspace       used 32651K, committed 32960K, reserved 1081344K
  class space    used 4507K, committed 4608K, reserved 1048576K
}
Event: 5.369 GC heap before
{Heap before GC invocations=8 (full 0):
 garbage-first heap   total 63488K, used 33848K [0x0000000080000000, 0x0000000100000000)
  region size 1024K, 16 young (16384K), 3 survivors (3072K)
 Metaspace       used 35656K, committed 35968K, reserved 1081344K
  class space    used 4855K, committed 4992K, reserved 1048576K
}
Event: 5.377 GC heap after
{Heap after GC invocations=9 (full 0):
 garbage-first heap   total 76800K, used 23260K [0x0000000080000000, 0x0000000100000000)
  region size 1024K, 3 young (3072K), 3 survivors (3072K)
 Metaspace       used 35656K, committed 35968K, reserved 1081344K
  class space    used 4855K, committed 4992K, reserved 1048576K
}
Event: 5.861 GC heap before
{Heap before GC invocations=10 (full 0):
 garbage-first heap   total 76800K, used 53980K [0x0000000080000000, 0x0000000100000000)
  region size 1024K, 34 young (34816K), 3 survivors (3072K)
 Metaspace       used 40025K, committed 40384K, reserved 1089536K
  class space    used 5317K, committed 5440K, reserved 1048576K
}
Event: 5.870 GC heap after
{Heap after GC invocations=11 (full 0):
 garbage-first heap   total 76800K, used 27221K [0x0000000080000000, 0x0000000100000000)
  region size 1024K, 5 young (5120K), 5 survivors (5120K)
 Metaspace       used 40025K, committed 40384K, reserved 1089536K
  class space    used 5317K, committed 5440K, reserved 1048576K
}
Event: 5.896 GC heap before
{Heap before GC invocations=11 (full 0):
 garbage-first heap   total 76800K, used 28245K [0x0000000080000000, 0x0000000100000000)
  region size 1024K, 6 young (6144K), 5 survivors (5120K)
 Metaspace       used 40122K, committed 40448K, reserved 1089536K
  class space    used 5331K, committed 5440K, reserved 1048576K
}
Event: 5.905 GC heap after
{Heap after GC invocations=12 (full 0):
 garbage-first heap   total 76800K, used 27462K [0x0000000080000000, 0x0000000100000000)
  region size 1024K, 1 young (1024K), 1 survivors (1024K)
 Metaspace       used 40122K, committed 40448K, reserved 1089536K
  class space    used 5331K, committed 5440K, reserved 1048576K
}
Event: 6.351 GC heap before
{Heap before GC invocations=12 (full 0):
 garbage-first heap   total 76800K, used 58182K [0x0000000080000000, 0x0000000100000000)
  region size 1024K, 29 young (29696K), 1 survivors (1024K)
 Metaspace       used 42629K, committed 43008K, reserved 1089536K
  class space    used 5591K, committed 5760K, reserved 1048576K
}
Event: 6.357 GC heap after
{Heap after GC invocations=13 (full 0):
 garbage-first heap   total 76800K, used 30101K [0x0000000080000000, 0x0000000100000000)
  region size 1024K, 4 young (4096K), 4 survivors (4096K)
 Metaspace       used 42629K, committed 43008K, reserved 1089536K
  class space    used 5591K, committed 5760K, reserved 1048576K
}
Event: 6.873 GC heap before
{Heap before GC invocations=14 (full 0):
 garbage-first heap   total 76800K, used 56725K [0x0000000080000000, 0x0000000100000000)
  region size 1024K, 30 young (30720K), 4 survivors (4096K)
 Metaspace       used 46608K, committed 46976K, reserved 1097728K
  class space    used 6125K, committed 6272K, reserved 1048576K
}
Event: 6.880 GC heap after
{Heap after GC invocations=15 (full 0):
 garbage-first heap   total 76800K, used 32068K [0x0000000080000000, 0x0000000100000000)
  region size 1024K, 2 young (2048K), 2 survivors (2048K)
 Metaspace       used 46608K, committed 46976K, reserved 1097728K
  class space    used 6125K, committed 6272K, reserved 1048576K
}
Event: 6.902 GC heap before
{Heap before GC invocations=15 (full 0):
 garbage-first heap   total 76800K, used 33092K [0x0000000080000000, 0x0000000100000000)
  region size 1024K, 3 young (3072K), 2 survivors (2048K)
 Metaspace       used 46721K, committed 47104K, reserved 1097728K
  class space    used 6147K, committed 6336K, reserved 1048576K
}
Event: 6.910 GC heap after
{Heap after GC invocations=16 (full 0):
 garbage-first heap   total 76800K, used 31811K [0x0000000080000000, 0x0000000100000000)
  region size 1024K, 1 young (1024K), 1 survivors (1024K)
 Metaspace       used 46721K, committed 47104K, reserved 1097728K
  class space    used 6147K, committed 6336K, reserved 1048576K
}
Event: 7.449 GC heap before
{Heap before GC invocations=16 (full 0):
 garbage-first heap   total 76800K, used 58435K [0x0000000080000000, 0x0000000100000000)
  region size 1024K, 27 young (27648K), 1 survivors (1024K)
 Metaspace       used 49891K, committed 50304K, reserved 1097728K
  class space    used 6624K, committed 6784K, reserved 1048576K
}

