# JRE version: OpenJDK Runtime Environment (17.0.6) (build 17.0.6+0-b2043.56-9586694)
# Java VM: OpenJDK 64-Bit Server VM (17.0.6+0-b2043.56-9586694, mixed mode, tiered, compressed oops, compressed class ptrs, g1 gc, windows-amd64)
GC Precious Log:
 CPUs: 8 total, 8 available
 Memory: 3899M
 Large Page Support: Disabled
 NUMA Support: Disabled
 Compressed Oops: Enabled (32-bit)
 Heap Region Size: 1M
 Heap Min Capacity: 8M
 Heap Initial Capacity: 62M
 Heap Max Capacity: 2G
 Pre-touch: Disabled
 Parallel Workers: 8
 Concurrent Workers: 2
 Concurrent Refinement Workers: 8
 Periodic GC: Disabled
Heap:
 garbage-first heap   total 92160K, used 58144K [0x0000000080000000, 0x0000000100000000)
  region size 1024K, 3 young (3072K), 3 survivors (3072K)
 Metaspace       used 62714K, committed 63232K, reserved 1105920K
  class space    used 8211K, committed 8448K, reserved 1048576K
GC Heap History (20 events):
Event: 6.235 GC heap after
{Heap after GC invocations=12 (full 0):
 garbage-first heap   total 63488K, used 30313K [0x0000000080000000, 0x0000000100000000)
  region size 1024K, 3 young (3072K), 3 survivors (3072K)
 Metaspace       used 41808K, committed 42112K, reserved 1089536K
  class space    used 5465K, committed 5568K, reserved 1048576K
}
Event: 6.463 GC heap before
{Heap before GC invocations=12 (full 0):
 garbage-first heap   total 63488K, used 48745K [0x0000000080000000, 0x0000000100000000)
  region size 1024K, 21 young (21504K), 3 survivors (3072K)
 Metaspace       used 42862K, committed 43200K, reserved 1089536K
  class space    used 5624K, committed 5760K, reserved 1048576K
}
Event: 6.468 GC heap after
{Heap after GC invocations=13 (full 0):
 garbage-first heap   total 76800K, used 32680K [0x0000000080000000, 0x0000000100000000)
  region size 1024K, 3 young (3072K), 3 survivors (3072K)
 Metaspace       used 42862K, committed 43200K, reserved 1089536K
  class space    used 5624K, committed 5760K, reserved 1048576K
}
Event: 6.993 GC heap before
{Heap before GC invocations=13 (full 0):
 garbage-first heap   total 76800K, used 57256K [0x0000000080000000, 0x0000000100000000)
  region size 1024K, 27 young (27648K), 3 survivors (3072K)
 Metaspace       used 46627K, committed 47040K, reserved 1097728K
  class space    used 6127K, committed 6336K, reserved 1048576K
}
Event: 6.999 GC heap after
{Heap after GC invocations=14 (full 0):
 garbage-first heap   total 76800K, used 34077K [0x0000000080000000, 0x0000000100000000)
  region size 1024K, 4 young (4096K), 4 survivors (4096K)
 Metaspace       used 46627K, committed 47040K, reserved 1097728K
  class space    used 6127K, committed 6336K, reserved 1048576K
}
Event: 7.632 GC heap before
{Heap before GC invocations=14 (full 0):
 garbage-first heap   total 76800K, used 58653K [0x0000000080000000, 0x0000000100000000)
  region size 1024K, 28 young (28672K), 4 survivors (4096K)
 Metaspace       used 49699K, committed 50112K, reserved 1097728K
  class space    used 6599K, committed 6784K, reserved 1048576K
}
Event: 7.640 GC heap after
{Heap after GC invocations=15 (full 0):
 garbage-first heap   total 76800K, used 35322K [0x0000000080000000, 0x0000000100000000)
  region size 1024K, 3 young (3072K), 3 survivors (3072K)
 Metaspace       used 49699K, committed 50112K, reserved 1097728K
  class space    used 6599K, committed 6784K, reserved 1048576K
}
Event: 8.479 GC heap before
{Heap before GC invocations=15 (full 0):
 garbage-first heap   total 76800K, used 58874K [0x0000000080000000, 0x0000000100000000)
  region size 1024K, 27 young (27648K), 3 survivors (3072K)
 Metaspace       used 50656K, committed 51072K, reserved 1097728K
  class space    used 6676K, committed 6848K, reserved 1048576K
}
Event: 8.491 GC heap after
{Heap after GC invocations=16 (full 0):
 garbage-first heap   total 76800K, used 37781K [0x0000000080000000, 0x0000000100000000)
  region size 1024K, 4 young (4096K), 4 survivors (4096K)
 Metaspace       used 50656K, committed 51072K, reserved 1097728K
  class space    used 6676K, committed 6848K, reserved 1048576K
}
Event: 8.728 GC heap before
{Heap before GC invocations=16 (full 0):
 garbage-first heap   total 76800K, used 42901K [0x0000000080000000, 0x0000000100000000)
  region size 1024K, 11 young (11264K), 4 survivors (4096K)
 Metaspace       used 50826K, committed 51264K, reserved 1097728K
  class space    used 6697K, committed 6848K, reserved 1048576K
}
Event: 8.734 GC heap after
{Heap after GC invocations=17 (full 0):
 garbage-first heap   total 92160K, used 38660K [0x0000000080000000, 0x0000000100000000)
  region size 1024K, 1 young (1024K), 1 survivors (1024K)
 Metaspace       used 50826K, committed 51264K, reserved 1097728K
  class space    used 6697K, committed 6848K, reserved 1048576K
}
Event: 9.395 GC heap before
{Heap before GC invocations=17 (full 0):
 garbage-first heap   total 92160K, used 75524K [0x0000000080000000, 0x0000000100000000)
  region size 1024K, 34 young (34816K), 1 survivors (1024K)
 Metaspace       used 54099K, committed 54528K, reserved 1097728K
  class space    used 7151K, committed 7296K, reserved 1048576K
}
Event: 9.403 GC heap after
{Heap after GC invocations=18 (full 0):
 garbage-first heap   total 92160K, used 47769K [0x0000000080000000, 0x0000000100000000)
  region size 1024K, 5 young (5120K), 5 survivors (5120K)
 Metaspace       used 54099K, committed 54528K, reserved 1097728K
  class space    used 7151K, committed 7296K, reserved 1048576K
}
Event: 9.869 GC heap before
{Heap before GC invocations=18 (full 0):
 garbage-first heap   total 92160K, used 73369K [0x0000000080000000, 0x0000000100000000)
  region size 1024K, 30 young (30720K), 5 survivors (5120K)
 Metaspace       used 58602K, committed 59072K, reserved 1105920K
  class space    used 7647K, committed 7872K, reserved 1048576K
}
Event: 9.875 GC heap after
{Heap after GC invocations=19 (full 0):
 garbage-first heap   total 92160K, used 48802K [0x0000000080000000, 0x0000000100000000)
  region size 1024K, 2 young (2048K), 2 survivors (2048K)
 Metaspace       used 58602K, committed 59072K, reserved 1105920K
  class space    used 7647K, committed 7872K, reserved 1048576K
}
Event: 10.384 GC heap before
{Heap before GC invocations=20 (full 0):
 garbage-first heap   total 92160K, used 77474K [0x0000000080000000, 0x0000000100000000)
  region size 1024K, 27 young (27648K), 2 survivors (2048K)
 Metaspace       used 62709K, committed 63232K, reserved 1105920K
  class space    used 8211K, committed 8448K, reserved 1048576K
}
Event: 10.394 GC heap after
{Heap after GC invocations=21 (full 0):
 garbage-first heap   total 92160K, used 56406K [0x0000000080000000, 0x0000000100000000)
  region size 1024K, 4 young (4096K), 4 survivors (4096K)
 Metaspace       used 62709K, committed 63232K, reserved 1105920K
  class space    used 8211K, committed 8448K, reserved 1048576K
}
Event: 10.398 GC heap before
{Heap before GC invocations=21 (full 0):
 garbage-first heap   total 92160K, used 57430K [0x0000000080000000, 0x0000000100000000)
  region size 1024K, 5 young (5120K), 4 survivors (4096K)
 Metaspace       used 62709K, committed 63232K, reserved 1105920K
  class space    used 8211K, committed 8448K, reserved 1048576K
}
Event: 10.412 GC heap after
{Heap after GC invocations=22 (full 0):
 garbage-first heap   total 92160K, used 56852K [0x0000000080000000, 0x0000000100000000)
  region size 1024K, 1 young (1024K), 1 survivors (1024K)
 Metaspace       used 62709K, committed 63232K, reserved 1105920K
  class space    used 8211K, committed 8448K, reserved 1048576K
}
Event: 10.478 GC heap before
{Heap before GC invocations=22 (full 0):
 garbage-first heap   total 92160K, used 58900K [0x0000000080000000, 0x0000000100000000)
  region size 1024K, 4 young (4096K), 1 survivors (1024K)
 Metaspace       used 62714K, committed 63232K, reserved 1105920K
  class space    used 8211K, committed 8448K, reserved 1048576K
}

