# JRE version: OpenJDK Runtime Environment (17.0.6) (build 17.0.6+0-b2043.56-9586694)
# Java VM: OpenJDK 64-Bit Server VM (17.0.6+0-b2043.56-9586694, mixed mode, tiered, compressed oops, compressed class ptrs, g1 gc, windows-amd64)
GC Precious Log:
 CPUs: 8 total, 8 available
 Memory: 3899M
 Large Page Support: Disabled
 NUMA Support: Disabled
 Compressed Oops: Enabled (32-bit)
 Heap Region Size: 1M
 Heap Min Capacity: 8M
 Heap Initial Capacity: 62M
 Heap Max Capacity: 2G
 Pre-touch: Disabled
 Parallel Workers: 8
 Concurrent Workers: 2
 Concurrent Refinement Workers: 8
 Periodic GC: Disabled
Heap:
 garbage-first heap   total 92160K, used 51545K [0x0000000080000000, 0x0000000100000000)
  region size 1024K, 1 young (1024K), 1 survivors (1024K)
 Metaspace       used 63215K, committed 63680K, reserved 1105920K
  class space    used 8301K, committed 8512K, reserved 1048576K
GC Heap History (20 events):
Event: 8.987 GC heap after
{Heap after GC invocations=14 (full 0):
 garbage-first heap   total 76800K, used 34007K [0x0000000080000000, 0x0000000100000000)
  region size 1024K, 2 young (2048K), 2 survivors (2048K)
 Metaspace       used 47753K, committed 48192K, reserved 1097728K
  class space    used 6319K, committed 6528K, reserved 1048576K
}
Event: 9.650 GC heap before
{Heap before GC invocations=14 (full 0):
 garbage-first heap   total 76800K, used 58583K [0x0000000080000000, 0x0000000100000000)
  region size 1024K, 27 young (27648K), 2 survivors (2048K)
 Metaspace       used 50369K, committed 50880K, reserved 1097728K
  class space    used 6645K, committed 6848K, reserved 1048576K
}
Event: 9.656 GC heap after
{Heap after GC invocations=15 (full 0):
 garbage-first heap   total 76800K, used 35450K [0x0000000080000000, 0x0000000100000000)
  region size 1024K, 4 young (4096K), 4 survivors (4096K)
 Metaspace       used 50369K, committed 50880K, reserved 1097728K
  class space    used 6645K, committed 6848K, reserved 1048576K
}
Event: 10.033 GC heap before
{Heap before GC invocations=15 (full 0):
 garbage-first heap   total 76800K, used 61050K [0x0000000080000000, 0x0000000100000000)
  region size 1024K, 28 young (28672K), 4 survivors (4096K)
 Metaspace       used 50832K, committed 51328K, reserved 1097728K
  class space    used 6693K, committed 6912K, reserved 1048576K
}
Event: 10.041 GC heap after
{Heap after GC invocations=16 (full 0):
 garbage-first heap   total 76800K, used 42982K [0x0000000080000000, 0x0000000100000000)
  region size 1024K, 4 young (4096K), 4 survivors (4096K)
 Metaspace       used 50832K, committed 51328K, reserved 1097728K
  class space    used 6693K, committed 6912K, reserved 1048576K
}
Event: 10.047 GC heap before
{Heap before GC invocations=16 (full 0):
 garbage-first heap   total 76800K, used 44006K [0x0000000080000000, 0x0000000100000000)
  region size 1024K, 6 young (6144K), 4 survivors (4096K)
 Metaspace       used 50832K, committed 51328K, reserved 1097728K
  class space    used 6693K, committed 6912K, reserved 1048576K
}
Event: 10.051 GC heap after
{Heap after GC invocations=17 (full 0):
 garbage-first heap   total 92160K, used 44141K [0x0000000080000000, 0x0000000100000000)
  region size 1024K, 2 young (2048K), 2 survivors (2048K)
 Metaspace       used 50832K, committed 51328K, reserved 1097728K
  class space    used 6693K, committed 6912K, reserved 1048576K
}
Event: 10.342 GC heap before
{Heap before GC invocations=18 (full 0):
 garbage-first heap   total 92160K, used 59501K [0x0000000080000000, 0x0000000100000000)
  region size 1024K, 17 young (17408K), 2 survivors (2048K)
 Metaspace       used 52188K, committed 52608K, reserved 1097728K
  class space    used 6886K, committed 7040K, reserved 1048576K
}
Event: 10.347 GC heap after
{Heap after GC invocations=19 (full 0):
 garbage-first heap   total 92160K, used 46575K [0x0000000080000000, 0x0000000100000000)
  region size 1024K, 3 young (3072K), 3 survivors (3072K)
 Metaspace       used 52188K, committed 52608K, reserved 1097728K
  class space    used 6886K, committed 7040K, reserved 1048576K
}
Event: 10.648 GC heap before
{Heap before GC invocations=19 (full 0):
 garbage-first heap   total 92160K, used 61935K [0x0000000080000000, 0x0000000100000000)
  region size 1024K, 18 young (18432K), 3 survivors (3072K)
 Metaspace       used 54422K, committed 54848K, reserved 1097728K
  class space    used 7197K, committed 7360K, reserved 1048576K
}
Event: 10.656 GC heap after
{Heap after GC invocations=20 (full 0):
 garbage-first heap   total 92160K, used 47080K [0x0000000080000000, 0x0000000100000000)
  region size 1024K, 1 young (1024K), 1 survivors (1024K)
 Metaspace       used 54422K, committed 54848K, reserved 1097728K
  class space    used 7197K, committed 7360K, reserved 1048576K
}
Event: 11.101 GC heap before
{Heap before GC invocations=21 (full 0):
 garbage-first heap   total 92160K, used 63464K [0x0000000080000000, 0x0000000100000000)
  region size 1024K, 18 young (18432K), 1 survivors (1024K)
 Metaspace       used 57526K, committed 57984K, reserved 1105920K
  class space    used 7541K, committed 7744K, reserved 1048576K
}
Event: 11.104 GC heap after
{Heap after GC invocations=22 (full 0):
 garbage-first heap   total 92160K, used 47697K [0x0000000080000000, 0x0000000100000000)
  region size 1024K, 2 young (2048K), 2 survivors (2048K)
 Metaspace       used 57526K, committed 57984K, reserved 1105920K
  class space    used 7541K, committed 7744K, reserved 1048576K
}
Event: 11.139 GC heap before
{Heap before GC invocations=22 (full 0):
 garbage-first heap   total 92160K, used 49745K [0x0000000080000000, 0x0000000100000000)
  region size 1024K, 4 young (4096K), 2 survivors (2048K)
 Metaspace       used 57963K, committed 58432K, reserved 1105920K
  class space    used 7579K, committed 7808K, reserved 1048576K
}
Event: 11.147 GC heap after
{Heap after GC invocations=23 (full 0):
 garbage-first heap   total 92160K, used 47276K [0x0000000080000000, 0x0000000100000000)
  region size 1024K, 1 young (1024K), 1 survivors (1024K)
 Metaspace       used 57963K, committed 58432K, reserved 1105920K
  class space    used 7579K, committed 7808K, reserved 1048576K
}
Event: 11.652 GC heap before
{Heap before GC invocations=23 (full 0):
 garbage-first heap   total 92160K, used 66732K [0x0000000080000000, 0x0000000100000000)
  region size 1024K, 20 young (20480K), 1 survivors (1024K)
 Metaspace       used 61324K, committed 61824K, reserved 1105920K
  class space    used 8059K, committed 8256K, reserved 1048576K
}
Event: 11.661 GC heap after
{Heap after GC invocations=24 (full 0):
 garbage-first heap   total 92160K, used 48726K [0x0000000080000000, 0x0000000100000000)
  region size 1024K, 2 young (2048K), 2 survivors (2048K)
 Metaspace       used 61324K, committed 61824K, reserved 1105920K
  class space    used 8059K, committed 8256K, reserved 1048576K
}
Event: 12.058 GC heap before
{Heap before GC invocations=25 (full 0):
 garbage-first heap   total 92160K, used 73302K [0x0000000080000000, 0x0000000100000000)
  region size 1024K, 21 young (21504K), 2 survivors (2048K)
 Metaspace       used 63088K, committed 63616K, reserved 1105920K
  class space    used 8284K, committed 8512K, reserved 1048576K
}
Event: 12.063 GC heap after
{Heap after GC invocations=26 (full 0):
 garbage-first heap   total 92160K, used 51490K [0x0000000080000000, 0x0000000100000000)
  region size 1024K, 3 young (3072K), 3 survivors (3072K)
 Metaspace       used 63088K, committed 63616K, reserved 1105920K
  class space    used 8284K, committed 8512K, reserved 1048576K
}
Event: 12.076 GC heap before
{Heap before GC invocations=26 (full 0):
 garbage-first heap   total 92160K, used 52514K [0x0000000080000000, 0x0000000100000000)
  region size 1024K, 4 young (4096K), 3 survivors (3072K)
 Metaspace       used 63215K, committed 63680K, reserved 1105920K
  class space    used 8301K, committed 8512K, reserved 1048576K
}

